<?xml version="1.0" encoding="UTF-8"?>
<testsuite xmlns:xsi="http://www.w3.org/2001/XMLSchema-instance" xsi:noNamespaceSchemaLocation="https://maven.apache.org/surefire/maven-surefire-plugin/xsd/surefire-test-report.xsd" name="org.ntutssl.document.FindContentVisitorTest" time="0" tests="3" errors="1" skipped="0" failures="0">
  <properties>
[...]
</properties>
  <testcase name="visitTitleTest" classname="org.ntutssl.document.FindContentVisitorTest" time="0"/>
  <testcase name="visitArticleTest" classname="org.ntutssl.document.FindContentVisitorTest" time="0">
    <error message="Index 1 out of bounds for length 1" type="java.lang.IndexOutOfBoundsException">java.lang.IndexOutOfBoundsException: Index 1 out of bounds for length 1
	at org.ntutssl.document.FindContentVisitorTest.visitArticleTest(FindContentVisitorTest.java:36)
</error>
  </testcase>
  <testcase name="visitParagraphTest" classname="org.ntutssl.document.FindContentVisitorTest" time="0"/>
</testsuite>